[2019-06-05 18:57:21] production.ERROR: exception 'Symfony\Component\Debug\Exception\FatalErrorException' with message 'Cannot redeclare class CreateUsersTable' in /home/user3/laravel/hello/app/database/migrations/2019_06_05_184620_create_users_table.php:33
Stack trace:
#0 [internal function]: Illuminate\Exception\Handler->handleShutdown()
#1 {main} [] []
[2019-06-06 15:29:44] production.ERROR: exception 'PDOException' with message 'SQLSTATE[42S01]: Base table or view already exists: 1050 Table 'laravel_users' already exists' in /home/user3/laravel/hello/vendor/laravel/framework/src/Illuminate/Database/Connection.php:369
Stack trace:
#0 /home/user3/laravel/hello/vendor/laravel/framework/src/Illuminate/Database/Connection.php(369): PDOStatement->execute(Array)
#1 /home/user3/laravel/hello/vendor/laravel/framework/src/Illuminate/Database/Connection.php(623): Illuminate\Database\Connection->Illuminate\Database\{closure}(Object(Illuminate\Database\MySqlConnection), 'create table `l...', Array)
#2 /home/user3/laravel/hello/vendor/laravel/framework/src/Illuminate/Database/Connection.php(587): Illuminate\Database\Connection->runQueryCallback('create table `l...', Array, Object(Closure))
#3 /home/user3/laravel/hello/vendor/laravel/framework/src/Illuminate/Database/Connection.php(370): Illuminate\Database\Connection->run('create table `l...', Array, Object(Closure))
#4 /home/user3/laravel/hello/vendor/laravel/framework/src/Illuminate/Database/Schema/Blueprint.php(63): Illuminate\Database\Connection->statement('create table `l...')
#5 /home/user3/laravel/hello/vendor/laravel/framework/src/Illuminate/Database/Schema/Builder.php(169): Illuminate\Database\Schema\Blueprint->build(Object(Illuminate\Database\MySqlConnection), Object(Illuminate\Database\Schema\Grammars\MySqlGrammar))
#6 /home/user3/laravel/hello/vendor/laravel/framework/src/Illuminate/Database/Schema/Builder.php(112): Illuminate\Database\Schema\Builder->build(Object(Illuminate\Database\Schema\Blueprint))
#7 /home/user3/laravel/hello/vendor/laravel/framework/src/Illuminate/Support/Facades/Facade.php(211): Illuminate\Database\Schema\Builder->create('users', Object(Closure))
#8 /home/user3/laravel/hello/app/database/migrations/2019_06_05_182137_create_users_table.php(21): Illuminate\Support\Facades\Facade::__callStatic('create', Array)
#9 /home/user3/laravel/hello/app/database/migrations/2019_06_05_182137_create_users_table.php(21): Illuminate\Support\Facades\Schema::create('users', Object(Closure))
#10 /home/user3/laravel/hello/vendor/laravel/framework/src/Illuminate/Database/Migrations/Migrator.php(135): CreateUsersTable->up()
#11 /home/user3/laravel/hello/vendor/laravel/framework/src/Illuminate/Database/Migrations/Migrator.php(111): Illuminate\Database\Migrations\Migrator->runUp('2019_06_05_1821...', 2, false)
#12 /home/user3/laravel/hello/vendor/laravel/framework/src/Illuminate/Database/Migrations/Migrator.php(82): Illuminate\Database\Migrations\Migrator->runMigrationList(Array, false)
#13 /home/user3/laravel/hello/vendor/laravel/framework/src/Illuminate/Database/Console/Migrations/MigrateCommand.php(70): Illuminate\Database\Migrations\Migrator->run('/home/user3/lar...', false)
#14 /home/user3/laravel/hello/vendor/laravel/framework/src/Illuminate/Console/Command.php(112): Illuminate\Database\Console\Migrations\MigrateCommand->fire()
#15 /home/user3/laravel/hello/vendor/symfony/console/Command/Command.php(238): Illuminate\Console\Command->execute(Object(Symfony\Component\Console\Input\ArgvInput), Object(Symfony\Component\Console\Output\ConsoleOutput))
#16 /home/user3/laravel/hello/vendor/laravel/framework/src/Illuminate/Console/Command.php(100): Symfony\Component\Console\Command\Command->run(Object(Symfony\Component\Console\Input\ArgvInput), Object(Symfony\Component\Console\Output\ConsoleOutput))
#17 /home/user3/laravel/hello/vendor/symfony/console/Application.php(840): Illuminate\Console\Command->run(Object(Symfony\Component\Console\Input\ArgvInput), Object(Symfony\Component\Console\Output\ConsoleOutput))
#18 /home/user3/laravel/hello/vendor/symfony/console/Application.php(190): Symfony\Component\Console\Application->doRunCommand(Object(Illuminate\Database\Console\Migrations\MigrateCommand), Object(Symfony\Component\Console\Input\ArgvInput), Object(Symfony\Component\Console\Output\ConsoleOutput))
#19 /home/user3/laravel/hello/vendor/symfony/console/Application.php(114): Symfony\Component\Console\Application->doRun(Object(Symfony\Component\Console\Input\ArgvInput), Object(Symfony\Component\Console\Output\ConsoleOutput))
#20 /home/user3/laravel/hello/artisan(59): Symfony\Component\Console\Application->run()
#21 {main}

Next exception 'Illuminate\Database\QueryException' with message 'SQLSTATE[42S01]: Base table or view already exists: 1050 Table 'laravel_users' already exists (SQL: create table `laravel_users` (`id` int unsigned not null auto_increment primary key, `name` varchar(64) not null, `email` varchar(64) not null, `created_at` timestamp default 0 not null, `updated_at` timestamp default 0 not null) default character set utf8 collate utf8_unicode_ci)' in /home/user3/laravel/hello/vendor/laravel/framework/src/Illuminate/Database/Connection.php:631
Stack trace:
#0 /home/user3/laravel/hello/vendor/laravel/framework/src/Illuminate/Database/Connection.php(587): Illuminate\Database\Connection->runQueryCallback('create table `l...', Array, Object(Closure))
#1 /home/user3/laravel/hello/vendor/laravel/framework/src/Illuminate/Database/Connection.php(370): Illuminate\Database\Connection->run('create table `l...', Array, Object(Closure))
#2 /home/user3/laravel/hello/vendor/laravel/framework/src/Illuminate/Database/Schema/Blueprint.php(63): Illuminate\Database\Connection->statement('create table `l...')
#3 /home/user3/laravel/hello/vendor/laravel/framework/src/Illuminate/Database/Schema/Builder.php(169): Illuminate\Database\Schema\Blueprint->build(Object(Illuminate\Database\MySqlConnection), Object(Illuminate\Database\Schema\Grammars\MySqlGrammar))
#4 /home/user3/laravel/hello/vendor/laravel/framework/src/Illuminate/Database/Schema/Builder.php(112): Illuminate\Database\Schema\Builder->build(Object(Illuminate\Database\Schema\Blueprint))
#5 /home/user3/laravel/hello/vendor/laravel/framework/src/Illuminate/Support/Facades/Facade.php(211): Illuminate\Database\Schema\Builder->create('users', Object(Closure))
#6 /home/user3/laravel/hello/app/database/migrations/2019_06_05_182137_create_users_table.php(21): Illuminate\Support\Facades\Facade::__callStatic('create', Array)
#7 /home/user3/laravel/hello/app/database/migrations/2019_06_05_182137_create_users_table.php(21): Illuminate\Support\Facades\Schema::create('users', Object(Closure))
#8 /home/user3/laravel/hello/vendor/laravel/framework/src/Illuminate/Database/Migrations/Migrator.php(135): CreateUsersTable->up()
#9 /home/user3/laravel/hello/vendor/laravel/framework/src/Illuminate/Database/Migrations/Migrator.php(111): Illuminate\Database\Migrations\Migrator->runUp('2019_06_05_1821...', 2, false)
#10 /home/user3/laravel/hello/vendor/laravel/framework/src/Illuminate/Database/Migrations/Migrator.php(82): Illuminate\Database\Migrations\Migrator->runMigrationList(Array, false)
#11 /home/user3/laravel/hello/vendor/laravel/framework/src/Illuminate/Database/Console/Migrations/MigrateCommand.php(70): Illuminate\Database\Migrations\Migrator->run('/home/user3/lar...', false)
#12 /home/user3/laravel/hello/vendor/laravel/framework/src/Illuminate/Console/Command.php(112): Illuminate\Database\Console\Migrations\MigrateCommand->fire()
#13 /home/user3/laravel/hello/vendor/symfony/console/Command/Command.php(238): Illuminate\Console\Command->execute(Object(Symfony\Component\Console\Input\ArgvInput), Object(Symfony\Component\Console\Output\ConsoleOutput))
#14 /home/user3/laravel/hello/vendor/laravel/framework/src/Illuminate/Console/Command.php(100): Symfony\Component\Console\Command\Command->run(Object(Symfony\Component\Console\Input\ArgvInput), Object(Symfony\Component\Console\Output\ConsoleOutput))
#15 /home/user3/laravel/hello/vendor/symfony/console/Application.php(840): Illuminate\Console\Command->run(Object(Symfony\Component\Console\Input\ArgvInput), Object(Symfony\Component\Console\Output\ConsoleOutput))
#16 /home/user3/laravel/hello/vendor/symfony/console/Application.php(190): Symfony\Component\Console\Application->doRunCommand(Object(Illuminate\Database\Console\Migrations\MigrateCommand), Object(Symfony\Component\Console\Input\ArgvInput), Object(Symfony\Component\Console\Output\ConsoleOutput))
#17 /home/user3/laravel/hello/vendor/symfony/console/Application.php(114): Symfony\Component\Console\Application->doRun(Object(Symfony\Component\Console\Input\ArgvInput), Object(Symfony\Component\Console\Output\ConsoleOutput))
#18 /home/user3/laravel/hello/artisan(59): Symfony\Component\Console\Application->run()
#19 {main} [] []
[2019-06-06 16:07:25] production.ERROR: exception 'PDOException' with message 'SQLSTATE[42S02]: Base table or view not found: 1146 Table 'user3.laravel_Artist' doesn't exist' in /home/user3/laravel/hello/vendor/laravel/framework/src/Illuminate/Database/Connection.php:299
Stack trace:
#0 /home/user3/laravel/hello/vendor/laravel/framework/src/Illuminate/Database/Connection.php(299): PDO->prepare('select * from `...')
#1 /home/user3/laravel/hello/vendor/laravel/framework/src/Illuminate/Database/Connection.php(623): Illuminate\Database\Connection->Illuminate\Database\{closure}(Object(Illuminate\Database\MySqlConnection), 'select * from `...', Array)
#2 /home/user3/laravel/hello/vendor/laravel/framework/src/Illuminate/Database/Connection.php(587): Illuminate\Database\Connection->runQueryCallback('select * from `...', Array, Object(Closure))
#3 /home/user3/laravel/hello/vendor/laravel/framework/src/Illuminate/Database/Connection.php(304): Illuminate\Database\Connection->run('select * from `...', Array, Object(Closure))
#4 /home/user3/laravel/hello/vendor/laravel/framework/src/Illuminate/Database/Query/Builder.php(1412): Illuminate\Database\Connection->select('select * from `...', Array)
#5 /home/user3/laravel/hello/vendor/laravel/framework/src/Illuminate/Database/Query/Builder.php(1397): Illuminate\Database\Query\Builder->runSelect()
#6 /home/user3/laravel/hello/vendor/laravel/framework/src/Illuminate/Database/Query/Builder.php(1384): Illuminate\Database\Query\Builder->getFresh(Array)
#7 /home/user3/laravel/hello/vendor/laravel/framework/src/Illuminate/Database/Eloquent/Builder.php(411): Illuminate\Database\Query\Builder->get(Array)
#8 /home/user3/laravel/hello/vendor/laravel/framework/src/Illuminate/Database/Eloquent/Builder.php(151): Illuminate\Database\Eloquent\Builder->getModels(Array)
#9 /home/user3/laravel/hello/vendor/laravel/framework/src/Illuminate/Database/Eloquent/Builder.php(125): Illuminate\Database\Eloquent\Builder->get(Array)
#10 /home/user3/laravel/hello/vendor/laravel/framework/src/Illuminate/Database/Eloquent/Builder.php(82): Illuminate\Database\Eloquent\Builder->first(Array)
#11 /home/user3/laravel/hello/vendor/laravel/framework/src/Illuminate/Database/Eloquent/Model.php(656): Illuminate\Database\Eloquent\Builder->find('4', Array)
#12 /home/user3/laravel/hello/app/controllers/HelloController.php(50): Illuminate\Database\Eloquent\Model::find('4')
#13 [internal function]: HelloController->dbTest('4')
#14 /home/user3/laravel/hello/vendor/laravel/framework/src/Illuminate/Routing/Controller.php(231): call_user_func_array(Array, Array)
#15 /home/user3/laravel/hello/vendor/laravel/framework/src/Illuminate/Routing/ControllerDispatcher.php(93): Illuminate\Routing\Controller->callAction('dbTest', Array)
#16 /home/user3/laravel/hello/vendor/laravel/framework/src/Illuminate/Routing/ControllerDispatcher.php(62): Illuminate\Routing\ControllerDispatcher->call(Object(HelloController), Object(Illuminate\Routing\Route), 'dbTest')
#17 /home/user3/laravel/hello/vendor/laravel/framework/src/Illuminate/Routing/Router.php(967): Illuminate\Routing\ControllerDispatcher->dispatch(Object(Illuminate\Routing\Route), Object(Illuminate\Http\Request), 'HelloController', 'dbTest')
#18 [internal function]: Illuminate\Routing\Router->Illuminate\Routing\{closure}('4')
#19 /home/user3/laravel/hello/vendor/laravel/framework/src/Illuminate/Routing/Route.php(109): call_user_func_array(Object(Closure), Array)
#20 /home/user3/laravel/hello/vendor/laravel/framework/src/Illuminate/Routing/Router.php(1033): Illuminate\Routing\Route->run(Object(Illuminate\Http\Request))
#21 /home/user3/laravel/hello/vendor/laravel/framework/src/Illuminate/Routing/Router.php(1001): Illuminate\Routing\Router->dispatchToRoute(Object(Illuminate\Http\Request))
#22 /home/user3/laravel/hello/vendor/laravel/framework/src/Illuminate/Foundation/Application.php(781): Illuminate\Routing\Router->dispatch(Object(Illuminate\Http\Request))
#23 /home/user3/laravel/hello/vendor/laravel/framework/src/Illuminate/Foundation/Application.php(745): Illuminate\Foundation\Application->dispatch(Object(Illuminate\Http\Request))
#24 /home/user3/laravel/hello/vendor/laravel/framework/src/Illuminate/Session/Middleware.php(72): Illuminate\Foundation\Application->handle(Object(Illuminate\Http\Request), 1, true)
#25 /home/user3/laravel/hello/vendor/laravel/framework/src/Illuminate/Cookie/Queue.php(47): Illuminate\Session\Middleware->handle(Object(Illuminate\Http\Request), 1, true)
#26 /home/user3/laravel/hello/vendor/laravel/framework/src/Illuminate/Cookie/Guard.php(51): Illuminate\Cookie\Queue->handle(Object(Illuminate\Http\Request), 1, true)
#27 /home/user3/laravel/hello/vendor/stack/builder/src/Stack/StackedHttpKernel.php(23): Illuminate\Cookie\Guard->handle(Object(Illuminate\Http\Request), 1, true)
#28 /home/user3/laravel/hello/vendor/laravel/framework/src/Illuminate/Foundation/Application.php(641): Stack\StackedHttpKernel->handle(Object(Illuminate\Http\Request))
#29 /home/user3/laravel/hello/public/index.php(49): Illuminate\Foundation\Application->run()
#30 {main}

Next exception 'Illuminate\Database\QueryException' with message 'SQLSTATE[42S02]: Base table or view not found: 1146 Table 'user3.laravel_Artist' doesn't exist (SQL: select * from `laravel_Artist` where `laravel_Artist`.`ArtistId` = 4 limit 1)' in /home/user3/laravel/hello/vendor/laravel/framework/src/Illuminate/Database/Connection.php:631
Stack trace:
#0 /home/user3/laravel/hello/vendor/laravel/framework/src/Illuminate/Database/Connection.php(587): Illuminate\Database\Connection->runQueryCallback('select * from `...', Array, Object(Closure))
#1 /home/user3/laravel/hello/vendor/laravel/framework/src/Illuminate/Database/Connection.php(304): Illuminate\Database\Connection->run('select * from `...', Array, Object(Closure))
#2 /home/user3/laravel/hello/vendor/laravel/framework/src/Illuminate/Database/Query/Builder.php(1412): Illuminate\Database\Connection->select('select * from `...', Array)
#3 /home/user3/laravel/hello/vendor/laravel/framework/src/Illuminate/Database/Query/Builder.php(1397): Illuminate\Database\Query\Builder->runSelect()
#4 /home/user3/laravel/hello/vendor/laravel/framework/src/Illuminate/Database/Query/Builder.php(1384): Illuminate\Database\Query\Builder->getFresh(Array)
#5 /home/user3/laravel/hello/vendor/laravel/framework/src/Illuminate/Database/Eloquent/Builder.php(411): Illuminate\Database\Query\Builder->get(Array)
#6 /home/user3/laravel/hello/vendor/laravel/framework/src/Illuminate/Database/Eloquent/Builder.php(151): Illuminate\Database\Eloquent\Builder->getModels(Array)
#7 /home/user3/laravel/hello/vendor/laravel/framework/src/Illuminate/Database/Eloquent/Builder.php(125): Illuminate\Database\Eloquent\Builder->get(Array)
#8 /home/user3/laravel/hello/vendor/laravel/framework/src/Illuminate/Database/Eloquent/Builder.php(82): Illuminate\Database\Eloquent\Builder->first(Array)
#9 /home/user3/laravel/hello/vendor/laravel/framework/src/Illuminate/Database/Eloquent/Model.php(656): Illuminate\Database\Eloquent\Builder->find('4', Array)
#10 /home/user3/laravel/hello/app/controllers/HelloController.php(50): Illuminate\Database\Eloquent\Model::find('4')
#11 [internal function]: HelloController->dbTest('4')
#12 /home/user3/laravel/hello/vendor/laravel/framework/src/Illuminate/Routing/Controller.php(231): call_user_func_array(Array, Array)
#13 /home/user3/laravel/hello/vendor/laravel/framework/src/Illuminate/Routing/ControllerDispatcher.php(93): Illuminate\Routing\Controller->callAction('dbTest', Array)
#14 /home/user3/laravel/hello/vendor/laravel/framework/src/Illuminate/Routing/ControllerDispatcher.php(62): Illuminate\Routing\ControllerDispatcher->call(Object(HelloController), Object(Illuminate\Routing\Route), 'dbTest')
#15 /home/user3/laravel/hello/vendor/laravel/framework/src/Illuminate/Routing/Router.php(967): Illuminate\Routing\ControllerDispatcher->dispatch(Object(Illuminate\Routing\Route), Object(Illuminate\Http\Request), 'HelloController', 'dbTest')
#16 [internal function]: Illuminate\Routing\Router->Illuminate\Routing\{closure}('4')
#17 /home/user3/laravel/hello/vendor/laravel/framework/src/Illuminate/Routing/Route.php(109): call_user_func_array(Object(Closure), Array)
#18 /home/user3/laravel/hello/vendor/laravel/framework/src/Illuminate/Routing/Router.php(1033): Illuminate\Routing\Route->run(Object(Illuminate\Http\Request))
#19 /home/user3/laravel/hello/vendor/laravel/framework/src/Illuminate/Routing/Router.php(1001): Illuminate\Routing\Router->dispatchToRoute(Object(Illuminate\Http\Request))
#20 /home/user3/laravel/hello/vendor/laravel/framework/src/Illuminate/Foundation/Application.php(781): Illuminate\Routing\Router->dispatch(Object(Illuminate\Http\Request))
#21 /home/user3/laravel/hello/vendor/laravel/framework/src/Illuminate/Foundation/Application.php(745): Illuminate\Foundation\Application->dispatch(Object(Illuminate\Http\Request))
#22 /home/user3/laravel/hello/vendor/laravel/framework/src/Illuminate/Session/Middleware.php(72): Illuminate\Foundation\Application->handle(Object(Illuminate\Http\Request), 1, true)
#23 /home/user3/laravel/hello/vendor/laravel/framework/src/Illuminate/Cookie/Queue.php(47): Illuminate\Session\Middleware->handle(Object(Illuminate\Http\Request), 1, true)
#24 /home/user3/laravel/hello/vendor/laravel/framework/src/Illuminate/Cookie/Guard.php(51): Illuminate\Cookie\Queue->handle(Object(Illuminate\Http\Request), 1, true)
#25 /home/user3/laravel/hello/vendor/stack/builder/src/Stack/StackedHttpKernel.php(23): Illuminate\Cookie\Guard->handle(Object(Illuminate\Http\Request), 1, true)
#26 /home/user3/laravel/hello/vendor/laravel/framework/src/Illuminate/Foundation/Application.php(641): Stack\StackedHttpKernel->handle(Object(Illuminate\Http\Request))
#27 /home/user3/laravel/hello/public/index.php(49): Illuminate\Foundation\Application->run()
#28 {main} [] []
[2019-06-06 16:41:38] production.ERROR: exception 'PDOException' with message 'SQLSTATE[42S02]: Base table or view not found: 1146 Table 'user3.laravel_Artist' doesn't exist' in /home/user3/laravel/hello/vendor/laravel/framework/src/Illuminate/Database/Connection.php:299
Stack trace:
#0 /home/user3/laravel/hello/vendor/laravel/framework/src/Illuminate/Database/Connection.php(299): PDO->prepare('select * from `...')
#1 /home/user3/laravel/hello/vendor/laravel/framework/src/Illuminate/Database/Connection.php(623): Illuminate\Database\Connection->Illuminate\Database\{closure}(Object(Illuminate\Database\MySqlConnection), 'select * from `...', Array)
#2 /home/user3/laravel/hello/vendor/laravel/framework/src/Illuminate/Database/Connection.php(587): Illuminate\Database\Connection->runQueryCallback('select * from `...', Array, Object(Closure))
#3 /home/user3/laravel/hello/vendor/laravel/framework/src/Illuminate/Database/Connection.php(304): Illuminate\Database\Connection->run('select * from `...', Array, Object(Closure))
#4 /home/user3/laravel/hello/vendor/laravel/framework/src/Illuminate/Database/Query/Builder.php(1412): Illuminate\Database\Connection->select('select * from `...', Array)
#5 /home/user3/laravel/hello/vendor/laravel/framework/src/Illuminate/Database/Query/Builder.php(1397): Illuminate\Database\Query\Builder->runSelect()
#6 /home/user3/laravel/hello/vendor/laravel/framework/src/Illuminate/Database/Query/Builder.php(1384): Illuminate\Database\Query\Builder->getFresh(Array)
#7 /home/user3/laravel/hello/vendor/laravel/framework/src/Illuminate/Database/Eloquent/Builder.php(411): Illuminate\Database\Query\Builder->get(Array)
#8 /home/user3/laravel/hello/vendor/laravel/framework/src/Illuminate/Database/Eloquent/Builder.php(151): Illuminate\Database\Eloquent\Builder->getModels(Array)
#9 /home/user3/laravel/hello/vendor/laravel/framework/src/Illuminate/Database/Eloquent/Builder.php(125): Illuminate\Database\Eloquent\Builder->get(Array)
#10 /home/user3/laravel/hello/vendor/laravel/framework/src/Illuminate/Database/Eloquent/Builder.php(82): Illuminate\Database\Eloquent\Builder->first(Array)
#11 /home/user3/laravel/hello/vendor/laravel/framework/src/Illuminate/Database/Eloquent/Model.php(656): Illuminate\Database\Eloquent\Builder->find('4', Array)
#12 /home/user3/laravel/hello/app/controllers/HelloController.php(50): Illuminate\Database\Eloquent\Model::find('4')
#13 [internal function]: HelloController->dbTest('4')
#14 /home/user3/laravel/hello/vendor/laravel/framework/src/Illuminate/Routing/Controller.php(231): call_user_func_array(Array, Array)
#15 /home/user3/laravel/hello/vendor/laravel/framework/src/Illuminate/Routing/ControllerDispatcher.php(93): Illuminate\Routing\Controller->callAction('dbTest', Array)
#16 /home/user3/laravel/hello/vendor/laravel/framework/src/Illuminate/Routing/ControllerDispatcher.php(62): Illuminate\Routing\ControllerDispatcher->call(Object(HelloController), Object(Illuminate\Routing\Route), 'dbTest')
#17 /home/user3/laravel/hello/vendor/laravel/framework/src/Illuminate/Routing/Router.php(967): Illuminate\Routing\ControllerDispatcher->dispatch(Object(Illuminate\Routing\Route), Object(Illuminate\Http\Request), 'HelloController', 'dbTest')
#18 [internal function]: Illuminate\Routing\Router->Illuminate\Routing\{closure}('4')
#19 /home/user3/laravel/hello/vendor/laravel/framework/src/Illuminate/Routing/Route.php(109): call_user_func_array(Object(Closure), Array)
#20 /home/user3/laravel/hello/vendor/laravel/framework/src/Illuminate/Routing/Router.php(1033): Illuminate\Routing\Route->run(Object(Illuminate\Http\Request))
#21 /home/user3/laravel/hello/vendor/laravel/framework/src/Illuminate/Routing/Router.php(1001): Illuminate\Routing\Router->dispatchToRoute(Object(Illuminate\Http\Request))
#22 /home/user3/laravel/hello/vendor/laravel/framework/src/Illuminate/Foundation/Application.php(781): Illuminate\Routing\Router->dispatch(Object(Illuminate\Http\Request))
#23 /home/user3/laravel/hello/vendor/laravel/framework/src/Illuminate/Foundation/Application.php(745): Illuminate\Foundation\Application->dispatch(Object(Illuminate\Http\Request))
#24 /home/user3/laravel/hello/vendor/laravel/framework/src/Illuminate/Session/Middleware.php(72): Illuminate\Foundation\Application->handle(Object(Illuminate\Http\Request), 1, true)
#25 /home/user3/laravel/hello/vendor/laravel/framework/src/Illuminate/Cookie/Queue.php(47): Illuminate\Session\Middleware->handle(Object(Illuminate\Http\Request), 1, true)
#26 /home/user3/laravel/hello/vendor/laravel/framework/src/Illuminate/Cookie/Guard.php(51): Illuminate\Cookie\Queue->handle(Object(Illuminate\Http\Request), 1, true)
#27 /home/user3/laravel/hello/vendor/stack/builder/src/Stack/StackedHttpKernel.php(23): Illuminate\Cookie\Guard->handle(Object(Illuminate\Http\Request), 1, true)
#28 /home/user3/laravel/hello/vendor/laravel/framework/src/Illuminate/Foundation/Application.php(641): Stack\StackedHttpKernel->handle(Object(Illuminate\Http\Request))
#29 /home/user3/laravel/hello/public/index.php(49): Illuminate\Foundation\Application->run()
#30 {main}

Next exception 'Illuminate\Database\QueryException' with message 'SQLSTATE[42S02]: Base table or view not found: 1146 Table 'user3.laravel_Artist' doesn't exist (SQL: select * from `laravel_Artist` where `laravel_Artist`.`ArtistId` = 4 limit 1)' in /home/user3/laravel/hello/vendor/laravel/framework/src/Illuminate/Database/Connection.php:631
Stack trace:
#0 /home/user3/laravel/hello/vendor/laravel/framework/src/Illuminate/Database/Connection.php(587): Illuminate\Database\Connection->runQueryCallback('select * from `...', Array, Object(Closure))
#1 /home/user3/laravel/hello/vendor/laravel/framework/src/Illuminate/Database/Connection.php(304): Illuminate\Database\Connection->run('select * from `...', Array, Object(Closure))
#2 /home/user3/laravel/hello/vendor/laravel/framework/src/Illuminate/Database/Query/Builder.php(1412): Illuminate\Database\Connection->select('select * from `...', Array)
#3 /home/user3/laravel/hello/vendor/laravel/framework/src/Illuminate/Database/Query/Builder.php(1397): Illuminate\Database\Query\Builder->runSelect()
#4 /home/user3/laravel/hello/vendor/laravel/framework/src/Illuminate/Database/Query/Builder.php(1384): Illuminate\Database\Query\Builder->getFresh(Array)
#5 /home/user3/laravel/hello/vendor/laravel/framework/src/Illuminate/Database/Eloquent/Builder.php(411): Illuminate\Database\Query\Builder->get(Array)
#6 /home/user3/laravel/hello/vendor/laravel/framework/src/Illuminate/Database/Eloquent/Builder.php(151): Illuminate\Database\Eloquent\Builder->getModels(Array)
#7 /home/user3/laravel/hello/vendor/laravel/framework/src/Illuminate/Database/Eloquent/Builder.php(125): Illuminate\Database\Eloquent\Builder->get(Array)
#8 /home/user3/laravel/hello/vendor/laravel/framework/src/Illuminate/Database/Eloquent/Builder.php(82): Illuminate\Database\Eloquent\Builder->first(Array)
#9 /home/user3/laravel/hello/vendor/laravel/framework/src/Illuminate/Database/Eloquent/Model.php(656): Illuminate\Database\Eloquent\Builder->find('4', Array)
#10 /home/user3/laravel/hello/app/controllers/HelloController.php(50): Illuminate\Database\Eloquent\Model::find('4')
#11 [internal function]: HelloController->dbTest('4')
#12 /home/user3/laravel/hello/vendor/laravel/framework/src/Illuminate/Routing/Controller.php(231): call_user_func_array(Array, Array)
#13 /home/user3/laravel/hello/vendor/laravel/framework/src/Illuminate/Routing/ControllerDispatcher.php(93): Illuminate\Routing\Controller->callAction('dbTest', Array)
#14 /home/user3/laravel/hello/vendor/laravel/framework/src/Illuminate/Routing/ControllerDispatcher.php(62): Illuminate\Routing\ControllerDispatcher->call(Object(HelloController), Object(Illuminate\Routing\Route), 'dbTest')
#15 /home/user3/laravel/hello/vendor/laravel/framework/src/Illuminate/Routing/Router.php(967): Illuminate\Routing\ControllerDispatcher->dispatch(Object(Illuminate\Routing\Route), Object(Illuminate\Http\Request), 'HelloController', 'dbTest')
#16 [internal function]: Illuminate\Routing\Router->Illuminate\Routing\{closure}('4')
#17 /home/user3/laravel/hello/vendor/laravel/framework/src/Illuminate/Routing/Route.php(109): call_user_func_array(Object(Closure), Array)
#18 /home/user3/laravel/hello/vendor/laravel/framework/src/Illuminate/Routing/Router.php(1033): Illuminate\Routing\Route->run(Object(Illuminate\Http\Request))
#19 /home/user3/laravel/hello/vendor/laravel/framework/src/Illuminate/Routing/Router.php(1001): Illuminate\Routing\Router->dispatchToRoute(Object(Illuminate\Http\Request))
#20 /home/user3/laravel/hello/vendor/laravel/framework/src/Illuminate/Foundation/Application.php(781): Illuminate\Routing\Router->dispatch(Object(Illuminate\Http\Request))
#21 /home/user3/laravel/hello/vendor/laravel/framework/src/Illuminate/Foundation/Application.php(745): Illuminate\Foundation\Application->dispatch(Object(Illuminate\Http\Request))
#22 /home/user3/laravel/hello/vendor/laravel/framework/src/Illuminate/Session/Middleware.php(72): Illuminate\Foundation\Application->handle(Object(Illuminate\Http\Request), 1, true)
#23 /home/user3/laravel/hello/vendor/laravel/framework/src/Illuminate/Cookie/Queue.php(47): Illuminate\Session\Middleware->handle(Object(Illuminate\Http\Request), 1, true)
#24 /home/user3/laravel/hello/vendor/laravel/framework/src/Illuminate/Cookie/Guard.php(51): Illuminate\Cookie\Queue->handle(Object(Illuminate\Http\Request), 1, true)
#25 /home/user3/laravel/hello/vendor/stack/builder/src/Stack/StackedHttpKernel.php(23): Illuminate\Cookie\Guard->handle(Object(Illuminate\Http\Request), 1, true)
#26 /home/user3/laravel/hello/vendor/laravel/framework/src/Illuminate/Foundation/Application.php(641): Stack\StackedHttpKernel->handle(Object(Illuminate\Http\Request))
#27 /home/user3/laravel/hello/public/index.php(49): Illuminate\Foundation\Application->run()
#28 {main} [] []
